<?xml version="1.0" encoding="UTF-8"?>
<testsuite xmlns:xsi="http://www.w3.org/2001/XMLSchema-instance" xsi:noNamespaceSchemaLocation="https://maven.apache.org/surefire/maven-surefire-plugin/xsd/surefire-test-report-3.0.xsd" version="3.0" name="TestRunner" time="38.223" tests="4" errors="0" skipped="0" failures="0">
  <properties>
[...]
</properties>
  <testcase name="Retrieve values by ID #1" classname="RetrieveData" time="7.106">
    <system-out><![CDATA[
Scenario: Retrieve values by ID                                                                                                                         &amp#27;[90m# src/test/resources/RetrieveData.feature:10&amp#27;[0m
  &amp#27;[32mGiven &amp#27;[0m&amp#27;[32mthe user is in the demo.aspnetawesome website&amp#27;[0m                                                                                                   &amp#27;[90m# StepDefinitions.RetrieveDataSteps.navigateToWebsite()&amp#27;[0m
  &amp#27;[32mAnd &amp#27;[0m&amp#27;[32mthere are existing records in the Grid filter row server data table&amp#27;[0m                                                                               &amp#27;[90m# StepDefinitions.RetrieveDataSteps.verifyExistingRecords()&amp#27;[0m
  &amp#27;[32mWhen &amp#27;[0m&amp#27;[32mthe user provides the ID &amp#27;[0m&amp#27;[32m&amp#27;[1m"1991"&amp#27;[0m&amp#27;[32m for a specific record&amp#27;[0m                                                                                            &amp#27;[90m# StepDefinitions.RetrieveDataSteps.verifyIdInTable(java.lang.String)&amp#27;[0m
ID = 1991
Person = Mary
Food = Cheesecake
Price = 45
Date = 10/7/2010
Country = Hatton Garden
Meals = Mango
Chef = Charles Duchemin
  &amp#27;[32mThen &amp#27;[0m&amp#27;[32mthe system associated with &amp#27;[0m&amp#27;[32m&amp#27;[1m"1991"&amp#27;[0m&amp#27;[32m should return all values &amp#27;[0m&amp#27;[32m&amp#27;[1m"Mary"&amp#27;[0m&amp#27;[32m, &amp#27;[0m&amp#27;[32m&amp#27;[1m"Cheesecake"&amp#27;[0m&amp#27;[32m, &amp#27;[0m&amp#27;[32m&amp#27;[1m"45"&amp#27;[0m&amp#27;[32m, &amp#27;[0m&amp#27;[32m&amp#27;[1m"10/7/2010"&amp#27;[0m&amp#27;[32m, &amp#27;[0m&amp#27;[32m&amp#27;[1m"Hatton Garden"&amp#27;[0m&amp#27;[32m, &amp#27;[0m&amp#27;[32m&amp#27;[1m"Mango"&amp#27;[0m&amp#27;[32m, &amp#27;[0m&amp#27;[32m&amp#27;[1m"Charles Duchemin"&amp#27;[0m &amp#27;[90m# StepDefinitions.RetrieveDataSteps.verifyValuesInTable(java.lang.String,java.lang.String,java.lang.String,java.lang.String,java.lang.String,java.lang.String,java.lang.String,java.lang.String)&amp#27;[0m
]]></system-out>
    <system-err><![CDATA[Starting ChromeDriver 121.0.6167.85 (3f98d690ad7e59242ef110144c757b2ac4eef1a2-refs/branch-heads/6167@{#1539}) on port 42117
Only local connections are allowed.
Please see https://chromedriver.chromium.org/security-considerations for suggestions on keeping ChromeDriver safe.
ChromeDriver was started successfully.
Feb 12, 2024 12:10:00 AM org.openqa.selenium.remote.ProtocolHandshake createSession
INFO: Detected dialect: W3C
]]></system-err>
  </testcase>
  <testcase name="Retrieve values by ID #2" classname="RetrieveData" time="4.704">
    <system-out><![CDATA[
Scenario: Retrieve values by ID                                                                                                                             &amp#27;[90m# src/test/resources/RetrieveData.feature:11&amp#27;[0m
  &amp#27;[32mGiven &amp#27;[0m&amp#27;[32mthe user is in the demo.aspnetawesome website&amp#27;[0m                                                                                                       &amp#27;[90m# StepDefinitions.RetrieveDataSteps.navigateToWebsite()&amp#27;[0m
  &amp#27;[32mAnd &amp#27;[0m&amp#27;[32mthere are existing records in the Grid filter row server data table&amp#27;[0m                                                                                   &amp#27;[90m# StepDefinitions.RetrieveDataSteps.verifyExistingRecords()&amp#27;[0m
  &amp#27;[32mWhen &amp#27;[0m&amp#27;[32mthe user provides the ID &amp#27;[0m&amp#27;[32m&amp#27;[1m"2021"&amp#27;[0m&amp#27;[32m for a specific record&amp#27;[0m                                                                                                &amp#27;[90m# StepDefinitions.RetrieveDataSteps.verifyIdInTable(java.lang.String)&amp#27;[0m
ID = 2021
Person = Courtney
Food = Shepherd's pie
Price = 45
Date = 5/23/2018
Country = Farringdon
Meals = Artichoke
Chef = Bruce Nolan
  &amp#27;[32mThen &amp#27;[0m&amp#27;[32mthe system associated with &amp#27;[0m&amp#27;[32m&amp#27;[1m"2021"&amp#27;[0m&amp#27;[32m should return all values &amp#27;[0m&amp#27;[32m&amp#27;[1m"Courtney"&amp#27;[0m&amp#27;[32m, &amp#27;[0m&amp#27;[32m&amp#27;[1m"Shepherd's pie"&amp#27;[0m&amp#27;[32m, &amp#27;[0m&amp#27;[32m&amp#27;[1m"45"&amp#27;[0m&amp#27;[32m, &amp#27;[0m&amp#27;[32m&amp#27;[1m"5/23/2018"&amp#27;[0m&amp#27;[32m, &amp#27;[0m&amp#27;[32m&amp#27;[1m"Farringdon"&amp#27;[0m&amp#27;[32m, &amp#27;[0m&amp#27;[32m&amp#27;[1m"Artichoke"&amp#27;[0m&amp#27;[32m, &amp#27;[0m&amp#27;[32m&amp#27;[1m"Bruce Nolan"&amp#27;[0m &amp#27;[90m# StepDefinitions.RetrieveDataSteps.verifyValuesInTable(java.lang.String,java.lang.String,java.lang.String,java.lang.String,java.lang.String,java.lang.String,java.lang.String,java.lang.String)&amp#27;[0m
]]></system-out>
    <system-err><![CDATA[Starting ChromeDriver 121.0.6167.85 (3f98d690ad7e59242ef110144c757b2ac4eef1a2-refs/branch-heads/6167@{#1539}) on port 13869
Only local connections are allowed.
Please see https://chromedriver.chromium.org/security-considerations for suggestions on keeping ChromeDriver safe.
ChromeDriver was started successfully.
Feb 12, 2024 12:10:06 AM org.openqa.selenium.remote.ProtocolHandshake createSession
INFO: Detected dialect: W3C
]]></system-err>
  </testcase>
  <testcase name="Retrieve values by ID #3" classname="RetrieveData" time="11.993">
    <system-out><![CDATA[
Scenario: Retrieve values by ID                                                                                                                &amp#27;[90m# src/test/resources/RetrieveData.feature:12&amp#27;[0m
  &amp#27;[32mGiven &amp#27;[0m&amp#27;[32mthe user is in the demo.aspnetawesome website&amp#27;[0m                                                                                          &amp#27;[90m# StepDefinitions.RetrieveDataSteps.navigateToWebsite()&amp#27;[0m
  &amp#27;[32mAnd &amp#27;[0m&amp#27;[32mthere are existing records in the Grid filter row server data table&amp#27;[0m                                                                      &amp#27;[90m# StepDefinitions.RetrieveDataSteps.verifyExistingRecords()&amp#27;[0m
  &amp#27;[32mWhen &amp#27;[0m&amp#27;[32mthe user provides the ID &amp#27;[0m&amp#27;[32m&amp#27;[1m"1923"&amp#27;[0m&amp#27;[32m for a specific record&amp#27;[0m                                                                                   &amp#27;[90m# StepDefinitions.RetrieveDataSteps.verifyIdInTable(java.lang.String)&amp#27;[0m
ID = 1923
Person = Russell
Food = Big Salad
Price = 50
Date = 8/19/2012
Country = Jisina
Meals = Wheat
Chef = Casse Croute
  &amp#27;[32mThen &amp#27;[0m&amp#27;[32mthe system associated with &amp#27;[0m&amp#27;[32m&amp#27;[1m"1923"&amp#27;[0m&amp#27;[32m should return all values &amp#27;[0m&amp#27;[32m&amp#27;[1m"Russell"&amp#27;[0m&amp#27;[32m, &amp#27;[0m&amp#27;[32m&amp#27;[1m"Big Salad"&amp#27;[0m&amp#27;[32m, &amp#27;[0m&amp#27;[32m&amp#27;[1m"50"&amp#27;[0m&amp#27;[32m, &amp#27;[0m&amp#27;[32m&amp#27;[1m"8/19/2012"&amp#27;[0m&amp#27;[32m, &amp#27;[0m&amp#27;[32m&amp#27;[1m"Jisina"&amp#27;[0m&amp#27;[32m, &amp#27;[0m&amp#27;[32m&amp#27;[1m"Wheat"&amp#27;[0m&amp#27;[32m, &amp#27;[0m&amp#27;[32m&amp#27;[1m"Casse Croute"&amp#27;[0m &amp#27;[90m# StepDefinitions.RetrieveDataSteps.verifyValuesInTable(java.lang.String,java.lang.String,java.lang.String,java.lang.String,java.lang.String,java.lang.String,java.lang.String,java.lang.String)&amp#27;[0m
]]></system-out>
    <system-err><![CDATA[Starting ChromeDriver 121.0.6167.85 (3f98d690ad7e59242ef110144c757b2ac4eef1a2-refs/branch-heads/6167@{#1539}) on port 11263
Only local connections are allowed.
Please see https://chromedriver.chromium.org/security-considerations for suggestions on keeping ChromeDriver safe.
ChromeDriver was started successfully.
Feb 12, 2024 12:10:11 AM org.openqa.selenium.remote.ProtocolHandshake createSession
INFO: Detected dialect: W3C
]]></system-err>
  </testcase>
  <testcase name="Retrieve values by ID #4" classname="RetrieveData" time="14.001">
    <system-out><![CDATA[
Scenario: Retrieve values by ID                                                                                                                                &amp#27;[90m# src/test/resources/RetrieveData.feature:13&amp#27;[0m
  &amp#27;[32mGiven &amp#27;[0m&amp#27;[32mthe user is in the demo.aspnetawesome website&amp#27;[0m                                                                                                          &amp#27;[90m# StepDefinitions.RetrieveDataSteps.navigateToWebsite()&amp#27;[0m
  &amp#27;[32mAnd &amp#27;[0m&amp#27;[32mthere are existing records in the Grid filter row server data table&amp#27;[0m                                                                                      &amp#27;[90m# StepDefinitions.RetrieveDataSteps.verifyExistingRecords()&amp#27;[0m
  &amp#27;[32mWhen &amp#27;[0m&amp#27;[32mthe user provides the ID &amp#27;[0m&amp#27;[32m&amp#27;[1m"1891"&amp#27;[0m&amp#27;[32m for a specific record&amp#27;[0m                                                                                                   &amp#27;[90m# StepDefinitions.RetrieveDataSteps.verifyIdInTable(java.lang.String)&amp#27;[0m
ID = 1891
Person = Sergio
Food = Apple Pie
Price = 21
Date = 3/23/2010
Country = Elwynn Forest
Meals = Walnuts, Papaya
Chef = Casse Croute
  &amp#27;[32mThen &amp#27;[0m&amp#27;[32mthe system associated with &amp#27;[0m&amp#27;[32m&amp#27;[1m"1891"&amp#27;[0m&amp#27;[32m should return all values &amp#27;[0m&amp#27;[32m&amp#27;[1m"Sergio"&amp#27;[0m&amp#27;[32m, &amp#27;[0m&amp#27;[32m&amp#27;[1m"Apple Pie"&amp#27;[0m&amp#27;[32m, &amp#27;[0m&amp#27;[32m&amp#27;[1m"21"&amp#27;[0m&amp#27;[32m, &amp#27;[0m&amp#27;[32m&amp#27;[1m"3/23/2010"&amp#27;[0m&amp#27;[32m, &amp#27;[0m&amp#27;[32m&amp#27;[1m"Elwynn Forest"&amp#27;[0m&amp#27;[32m, &amp#27;[0m&amp#27;[32m&amp#27;[1m"Walnuts, Papaya"&amp#27;[0m&amp#27;[32m, &amp#27;[0m&amp#27;[32m&amp#27;[1m"Casse Croute"&amp#27;[0m &amp#27;[90m# StepDefinitions.RetrieveDataSteps.verifyValuesInTable(java.lang.String,java.lang.String,java.lang.String,java.lang.String,java.lang.String,java.lang.String,java.lang.String,java.lang.String)&amp#27;[0m
]]></system-out>
    <system-err><![CDATA[Starting ChromeDriver 121.0.6167.85 (3f98d690ad7e59242ef110144c757b2ac4eef1a2-refs/branch-heads/6167@{#1539}) on port 9353
Only local connections are allowed.
Please see https://chromedriver.chromium.org/security-considerations for suggestions on keeping ChromeDriver safe.
ChromeDriver was started successfully.
Feb 12, 2024 12:10:23 AM org.openqa.selenium.remote.ProtocolHandshake createSession
INFO: Detected dialect: W3C
]]></system-err>
  </testcase>
</testsuite>